0 silly argv { _: [ 'add' ],
0 silly argv   globs: [],
0 silly argv   lernaVersion: '3.16.4',
0 silly argv   '$0': 'node_modules/.bin/lerna',
0 silly argv   pkg: 'src/elements/bullet-list-highlight' }
1 notice cli v3.16.4
2 verbose rootPath /Users/daniel/trustyle
3 info versioning independent
4 error TypeError: Invalid comparator: /Users/daniel/trustyle/src/elements/bullet-list-highlight
4 error     at Comparator.parse (/Users/daniel/trustyle/node_modules/@lerna/add/node_modules/semver/semver.js:794:11)
4 error     at new Comparator (/Users/daniel/trustyle/node_modules/@lerna/add/node_modules/semver/semver.js:777:8)
4 error     at Range.<anonymous> (/Users/daniel/trustyle/node_modules/@lerna/add/node_modules/semver/semver.js:975:12)
4 error     at Array.map (<anonymous>)
4 error     at Range.parseRange (/Users/daniel/trustyle/node_modules/@lerna/add/node_modules/semver/semver.js:974:13)
4 error     at Range.<anonymous> (/Users/daniel/trustyle/node_modules/@lerna/add/node_modules/semver/semver.js:917:17)
4 error     at Array.map (<anonymous>)
4 error     at new Range (/Users/daniel/trustyle/node_modules/@lerna/add/node_modules/semver/semver.js:916:40)
4 error     at Function.intersects (/Users/daniel/trustyle/node_modules/@lerna/add/node_modules/semver/semver.js:1542:8)
4 error     at getRangeToReference (/Users/daniel/trustyle/node_modules/@lerna/add/lib/get-range-to-reference.js:18:35)
4 error     at result.filter.pkg (/Users/daniel/trustyle/node_modules/@lerna/add/index.js:142:14)
4 error     at Array.filter (<anonymous>)
4 error     at AddCommand.collectPackagesToChange (/Users/daniel/trustyle/node_modules/@lerna/add/index.js:134:21)
